<?xml version="1.0" encoding="UTF-8"?>
<testng-results ignored="0" total="1" passed="1" failed="0" skipped="0">
  <reporter-output>
    <line>
      <![CDATA[HELLO]]>
    </line>
    <line>
      <![CDATA[hai]]>
    </line>
  </reporter-output>
  <suite started-at="2022-04-25T14:25:04 IST" name="Default suite" finished-at="2022-04-25T14:25:04 IST" duration-ms="163">
    <groups>
    </groups>
    <test started-at="2022-04-25T14:25:04 IST" name="Default test" finished-at="2022-04-25T14:25:04 IST" duration-ms="163">
      <class name="TestNG.t1">
        <test-method signature="tc1()[pri:0, instance:TestNG.t1@4d910fd6]" started-at="2022-04-25T14:25:04 IST" name="tc1" finished-at="2022-04-25T14:25:04 IST" duration-ms="42" status="PASS">
          <reporter-output>
            <line>
              <![CDATA[HELLO]]>
            </line>
            <line>
              <![CDATA[hai]]>
            </line>
          </reporter-output>
        </test-method> <!-- tc1 -->
      </class> <!-- TestNG.t1 -->
    </test> <!-- Default test -->
  </suite> <!-- Default suite -->
</testng-results>
